Wed Jan 24 17:27:57 CET 2018 :  2 19820101 ECHAM6_t1SP_a9  - start
Mon Feb 12 14:57:12 CET 2018 :  2 19820101 ECHAM6_t1SP_a9  - start
Mon Feb 12 14:58:14 CET 2018 :  2 19820101 ECHAM6_t1SP_a9  - start
Mon Feb 12 15:28:03 CET 2018 :  2 19820101 ECHAM6_t1SP_a9  - start
Mon Feb 12 15:35:12 CET 2018 :  2 19820101 ECHAM6_t1SP_a9  - start
Mon Feb 12 15:51:13 CET 2018 :  2 19820101 ECHAM6_t1SP_a9  - start
Mon Feb 12 16:32:56 CET 2018 :  2 19820101 ECHAM6_t1SP_a9  - start
Tue Feb 13 13:16:42 CET 2018 :  2 19820101 ECHAM6_t1SP_a9  - start
Tue Feb 13 13:20:55 CET 2018 :  2 19820101 ECHAM6_t1SP_a9  - start
Tue Feb 13 15:09:16 CET 2018 :  2 19820101 ECHAM6_t1SP_a9  - start
Tue Feb 13 15:11:43 CET 2018 :  2 19820101 ECHAM6_t1SP_a9  - start
Tue Feb 13 17:03:22 CET 2018 :  2 19820101 ECHAM6_t1SP_a9  - start
Fri Feb 16 15:04:00 CET 2018 :  2 19820101 ECHAM6_t1SP_a9  - start
Fri Feb 16 15:58:42 CET 2018 :  2 19820101 ECHAM6_t1SP_a9  - start
Fri Feb 16 16:24:55 CET 2018 :  2 19820101 ECHAM6_t1SP_a9  - start
Fri Feb 16 16:27:39 CET 2018 :  2 19820101 ECHAM6_t1SP_a9  - start
Fri Feb 16 17:38:36 CET 2018 :  2 19820101 ECHAM6_t1SP_a9  - start
Sat Feb 17 15:53:40 CET 2018 :  2 19820101 ECHAM6_t1SP_a9  - start
Sat Feb 17 16:05:28 CET 2018 :  2 19820101 ECHAM6_t1SP_a9  - start
Sat Feb 17 16:27:38 CET 2018 :  2 19820101 ECHAM6_t1SP_a9  - start
Sat Feb 17 17:13:54 CET 2018 :  2 19820101 ECHAM6_t1SP_a9  - start
Sat Feb 17 18:04:45 CET 2018 :  2 19820101 ECHAM6_t1SP_a9  - start
Sat Feb 17 18:17:53 CET 2018 :  2 19820101 ECHAM6_t1SP_a9  - start
Sat Feb 17 21:17:26 CET 2018 :  2 19820101 ECHAM6_t1SP_a9  - start
Sun Feb 18 10:51:10 CET 2018 :  2 19820101 ECHAM6_t1SP_a9  - start
Sun Feb 18 11:42:20 CET 2018 :  2 19820101 ECHAM6_t1SP_a9  - start
